{"C:\\Users\\jimmy\\OneDrive\\Desktop\\AI-Stuff\\Development\\google_api_wrapper_v2\\src\\server.ts": {"path":"C:\\Users\\jimmy\\OneDrive\\Desktop\\AI-Stuff\\Development\\google_api_wrapper_v2\\src\\server.ts","statementMap":{"0":{"start":{"line":11,"column":0},"end":{"line":11,"column":7}},"1":{"start":{"line":1,"column":0},"end":{"line":1,"column":51}},"2":{"start":{"line":2,"column":0},"end":{"line":2,"column":33}},"3":{"start":{"line":3,"column":0},"end":{"line":3,"column":39}},"4":{"start":{"line":4,"column":0},"end":{"line":4,"column":44}},"5":{"start":{"line":5,"column":0},"end":{"line":5,"column":43}},"6":{"start":{"line":6,"column":0},"end":{"line":6,"column":45}},"7":{"start":{"line":7,"column":0},"end":{"line":7,"column":51}},"8":{"start":{"line":8,"column":0},"end":{"line":8,"column":48}},"9":{"start":{"line":9,"column":0},"end":{"line":9,"column":40}},"10":{"start":{"line":12,"column":17},"end":{"line":16,"column":4}},"11":{"start":{"line":19,"column":2},"end":{"line":22,"column":5}},"12":{"start":{"line":24,"column":2},"end":{"line":36,"column":5}},"13":{"start":{"line":38,"column":2},"end":{"line":40,"column":5}},"14":{"start":{"line":43,"column":2},"end":{"line":43,"column":38}},"15":{"start":{"line":46,"column":2},"end":{"line":46,"column":51}},"16":{"start":{"line":47,"column":2},"end":{"line":47,"column":57}},"17":{"start":{"line":48,"column":2},"end":{"line":48,"column":60}},"18":{"start":{"line":51,"column":2},"end":{"line":57,"column":5}},"19":{"start":{"line":52,"column":4},"end":{"line":52,"column":24}},"20":{"start":{"line":53,"column":4},"end":{"line":56,"column":7}},"21":{"start":{"line":59,"column":2},"end":{"line":59,"column":16}}},"fnMap":{"0":{"name":"buildServer","decl":{"start":{"line":11,"column":22},"end":{"line":11,"column":33}},"loc":{"start":{"line":11,"column":33},"end":{"line":60,"column":1}}},"1":{"name":"(anonymous_2)","decl":{"start":{"line":51,"column":25},"end":{"line":51,"column":26}},"loc":{"start":{"line":51,"column":51},"end":{"line":57,"column":3}}}},"branchMap":{"0":{"loc":{"start":{"line":14,"column":13},"end":{"line":14,"column":44}},"type":"binary-expr","locations":[{"start":{"line":14,"column":13},"end":{"line":14,"column":34}},{"start":{"line":14,"column":38},"end":{"line":14,"column":44}}]},"1":{"loc":{"start":{"line":20,"column":12},"end":{"line":20,"column":43}},"type":"binary-expr","locations":[{"start":{"line":20,"column":12},"end":{"line":20,"column":35}},{"start":{"line":20,"column":39},"end":{"line":20,"column":43}}]}},"s":{"0":4,"1":4,"2":4,"3":4,"4":4,"5":4,"6":4,"7":4,"8":4,"9":4,"10":4,"11":4,"12":4,"13":4,"14":4,"15":4,"16":4,"17":4,"18":4,"19":13,"20":13,"21":4},"f":{"0":4,"1":13},"b":{"0":[4,4],"1":[4,4]}}
,"C:\\Users\\jimmy\\OneDrive\\Desktop\\AI-Stuff\\Development\\google_api_wrapper_v2\\src\\plugins\\static.ts": {"path":"C:\\Users\\jimmy\\OneDrive\\Desktop\\AI-Stuff\\Development\\google_api_wrapper_v2\\src\\plugins\\static.ts","statementMap":{"0":{"start":{"line":2,"column":0},"end":{"line":2,"column":44}},"1":{"start":{"line":3,"column":0},"end":{"line":3,"column":24}},"2":{"start":{"line":5,"column":48},"end":{"line":10,"column":1}},"3":{"start":{"line":6,"column":2},"end":{"line":9,"column":5}},"4":{"start":{"line":5,"column":13},"end":{"line":5,"column":48}}},"fnMap":{"0":{"name":"(anonymous_1)","decl":{"start":{"line":5,"column":48},"end":{"line":5,"column":53}},"loc":{"start":{"line":5,"column":66},"end":{"line":10,"column":1}}}},"branchMap":{},"s":{"0":4,"1":4,"2":4,"3":4,"4":4},"f":{"0":4},"b":{}}
,"C:\\Users\\jimmy\\OneDrive\\Desktop\\AI-Stuff\\Development\\google_api_wrapper_v2\\src\\routes\\auth.ts": {"path":"C:\\Users\\jimmy\\OneDrive\\Desktop\\AI-Stuff\\Development\\google_api_wrapper_v2\\src\\routes\\auth.ts","statementMap":{"0":{"start":{"line":3,"column":0},"end":{"line":3,"column":74}},"1":{"start":{"line":4,"column":0},"end":{"line":4,"column":90}},"2":{"start":{"line":5,"column":0},"end":{"line":5,"column":41}},"3":{"start":{"line":14,"column":46},"end":{"line":151,"column":1}},"4":{"start":{"line":16,"column":2},"end":{"line":54,"column":5}},"5":{"start":{"line":42,"column":4},"end":{"line":53,"column":5}},"6":{"start":{"line":43,"column":38},"end":{"line":43,"column":86}},"7":{"start":{"line":46,"column":20},"end":{"line":46,"column":91}},"8":{"start":{"line":48,"column":22},"end":{"line":48,"column":52}},"9":{"start":{"line":49,"column":6},"end":{"line":49,"column":30}},"10":{"start":{"line":51,"column":6},"end":{"line":51,"column":52}},"11":{"start":{"line":52,"column":6},"end":{"line":52,"column":77}},"12":{"start":{"line":57,"column":2},"end":{"line":89,"column":5}},"13":{"start":{"line":69,"column":4},"end":{"line":88,"column":5}},"14":{"start":{"line":70,"column":30},"end":{"line":70,"column":78}},"15":{"start":{"line":73,"column":24},"end":{"line":73,"column":110}},"16":{"start":{"line":76,"column":25},"end":{"line":76,"column":63}},"17":{"start":{"line":79,"column":24},"end":{"line":79,"column":56}},"18":{"start":{"line":80,"column":6},"end":{"line":80,"column":52}},"19":{"start":{"line":83,"column":26},"end":{"line":83,"column":71}},"20":{"start":{"line":84,"column":6},"end":{"line":84,"column":34}},"21":{"start":{"line":86,"column":6},"end":{"line":86,"column":53}},"22":{"start":{"line":87,"column":6},"end":{"line":87,"column":65}},"23":{"start":{"line":92,"column":2},"end":{"line":150,"column":5}},"24":{"start":{"line":125,"column":4},"end":{"line":149,"column":5}},"25":{"start":{"line":126,"column":25},"end":{"line":126,"column":54}},"26":{"start":{"line":127,"column":6},"end":{"line":130,"column":7}},"27":{"start":{"line":128,"column":8},"end":{"line":128,"column":58}},"28":{"start":{"line":129,"column":8},"end":{"line":129,"column":15}},"29":{"start":{"line":132,"column":20},"end":{"line":132,"column":44}},"30":{"start":{"line":133,"column":27},"end":{"line":133,"column":44}},"31":{"start":{"line":134,"column":6},"end":{"line":134,"column":59}},"32":{"start":{"line":136,"column":23},"end":{"line":138,"column":8}},"33":{"start":{"line":140,"column":6},"end":{"line":140,"column":23}},"34":{"start":{"line":142,"column":6},"end":{"line":142,"column":52}},"35":{"start":{"line":143,"column":23},"end":{"line":143,"column":46}},"36":{"start":{"line":144,"column":6},"end":{"line":148,"column":7}},"37":{"start":{"line":145,"column":8},"end":{"line":145,"column":58}},"38":{"start":{"line":147,"column":8},"end":{"line":147,"column":67}},"39":{"start":{"line":14,"column":13},"end":{"line":14,"column":46}}},"fnMap":{"0":{"name":"(anonymous_0)","decl":{"start":{"line":14,"column":46},"end":{"line":14,"column":51}},"loc":{"start":{"line":14,"column":64},"end":{"line":151,"column":1}}},"1":{"name":"(anonymous_1)","decl":{"start":{"line":41,"column":5},"end":{"line":41,"column":10}},"loc":{"start":{"line":41,"column":30},"end":{"line":54,"column":3}}},"2":{"name":"(anonymous_2)","decl":{"start":{"line":68,"column":5},"end":{"line":68,"column":10}},"loc":{"start":{"line":68,"column":30},"end":{"line":89,"column":3}}},"3":{"name":"(anonymous_3)","decl":{"start":{"line":124,"column":5},"end":{"line":124,"column":10}},"loc":{"start":{"line":124,"column":30},"end":{"line":150,"column":3}}}},"branchMap":{"0":{"loc":{"start":{"line":83,"column":26},"end":{"line":83,"column":71}},"type":"binary-expr","locations":[{"start":{"line":83,"column":26},"end":{"line":83,"column":47}},{"start":{"line":83,"column":51},"end":{"line":83,"column":71}}]},"1":{"loc":{"start":{"line":127,"column":6},"end":{"line":130,"column":7}},"type":"if","locations":[{"start":{"line":127,"column":6},"end":{"line":130,"column":7}}]},"2":{"loc":{"start":{"line":127,"column":10},"end":{"line":127,"column":58}},"type":"binary-expr","locations":[{"start":{"line":127,"column":10},"end":{"line":127,"column":21}},{"start":{"line":127,"column":25},"end":{"line":127,"column":58}}]},"3":{"loc":{"start":{"line":144,"column":6},"end":{"line":148,"column":7}},"type":"if","locations":[{"start":{"line":144,"column":6},"end":{"line":148,"column":7}},{"start":{"line":146,"column":13},"end":{"line":148,"column":7}}]}},"s":{"0":4,"1":4,"2":4,"3":4,"4":4,"5":1,"6":1,"7":1,"8":1,"9":1,"10":0,"11":0,"12":4,"13":1,"14":1,"15":1,"16":1,"17":1,"18":1,"19":1,"20":1,"21":0,"22":0,"23":4,"24":1,"25":1,"26":1,"27":0,"28":0,"29":1,"30":1,"31":1,"32":1,"33":0,"34":1,"35":1,"36":1,"37":1,"38":0,"39":4},"f":{"0":4,"1":1,"2":1,"3":1},"b":{"0":[1,0],"1":[0],"2":[1,1],"3":[1,0]}}
,"C:\\Users\\jimmy\\OneDrive\\Desktop\\AI-Stuff\\Development\\google_api_wrapper_v2\\src\\routes\\calendar.ts": {"path":"C:\\Users\\jimmy\\OneDrive\\Desktop\\AI-Stuff\\Development\\google_api_wrapper_v2\\src\\routes\\calendar.ts","statementMap":{"0":{"start":{"line":2,"column":0},"end":{"line":2,"column":24}},"1":{"start":{"line":3,"column":0},"end":{"line":3,"column":77}},"2":{"start":{"line":4,"column":0},"end":{"line":4,"column":41}},"3":{"start":{"line":6,"column":25},"end":{"line":11,"column":2}},"4":{"start":{"line":13,"column":26},"end":{"line":21,"column":2}},"5":{"start":{"line":23,"column":50},"end":{"line":298,"column":1}},"6":{"start":{"line":25,"column":2},"end":{"line":102,"column":5}},"7":{"start":{"line":77,"column":4},"end":{"line":101,"column":5}},"8":{"start":{"line":78,"column":57},"end":{"line":78,"column":106}},"9":{"start":{"line":80,"column":23},"end":{"line":80,"column":54}},"10":{"start":{"line":81,"column":23},"end":{"line":88,"column":8}},"11":{"start":{"line":90,"column":21},"end":{"line":90,"column":71}},"12":{"start":{"line":91,"column":6},"end":{"line":91,"column":29}},"13":{"start":{"line":93,"column":6},"end":{"line":93,"column":51}},"14":{"start":{"line":94,"column":6},"end":{"line":100,"column":7}},"15":{"start":{"line":95,"column":8},"end":{"line":95,"column":58}},"16":{"start":{"line":96,"column":13},"end":{"line":100,"column":7}},"17":{"start":{"line":97,"column":8},"end":{"line":97,"column":64}},"18":{"start":{"line":99,"column":8},"end":{"line":99,"column":67}},"19":{"start":{"line":105,"column":2},"end":{"line":213,"column":5}},"20":{"start":{"line":155,"column":4},"end":{"line":212,"column":5}},"21":{"start":{"line":157,"column":21},"end":{"line":157,"column":62}},"22":{"start":{"line":158,"column":6},"end":{"line":161,"column":7}},"23":{"start":{"line":159,"column":8},"end":{"line":159,"column":66}},"24":{"start":{"line":160,"column":8},"end":{"line":160,"column":15}},"25":{"start":{"line":171,"column":10},"end":{"line":171,"column":21}},"26":{"start":{"line":173,"column":23},"end":{"line":173,"column":54}},"27":{"start":{"line":174,"column":20},"end":{"line":187,"column":8}},"28":{"start":{"line":185,"column":44},"end":{"line":185,"column":53}},"29":{"start":{"line":189,"column":6},"end":{"line":202,"column":7}},"30":{"start":{"line":190,"column":25},"end":{"line":193,"column":10}},"31":{"start":{"line":195,"column":8},"end":{"line":195,"column":54}},"32":{"start":{"line":197,"column":8},"end":{"line":201,"column":9}},"33":{"start":{"line":198,"column":10},"end":{"line":198,"column":66}},"34":{"start":{"line":200,"column":10},"end":{"line":200,"column":22}},"35":{"start":{"line":204,"column":6},"end":{"line":204,"column":51}},"36":{"start":{"line":205,"column":6},"end":{"line":211,"column":7}},"37":{"start":{"line":206,"column":8},"end":{"line":206,"column":58}},"38":{"start":{"line":207,"column":13},"end":{"line":211,"column":7}},"39":{"start":{"line":208,"column":8},"end":{"line":208,"column":64}},"40":{"start":{"line":210,"column":8},"end":{"line":210,"column":68}},"41":{"start":{"line":216,"column":2},"end":{"line":297,"column":5}},"42":{"start":{"line":266,"column":4},"end":{"line":296,"column":5}},"43":{"start":{"line":267,"column":26},"end":{"line":267,"column":63}},"44":{"start":{"line":268,"column":25},"end":{"line":268,"column":60}},"45":{"start":{"line":270,"column":6},"end":{"line":273,"column":7}},"46":{"start":{"line":271,"column":8},"end":{"line":271,"column":66}},"47":{"start":{"line":272,"column":8},"end":{"line":272,"column":15}},"48":{"start":{"line":275,"column":23},"end":{"line":275,"column":54}},"49":{"start":{"line":276,"column":6},"end":{"line":288,"column":7}},"50":{"start":{"line":277,"column":8},"end":{"line":280,"column":11}},"51":{"start":{"line":281,"column":8},"end":{"line":281,"column":38}},"52":{"start":{"line":283,"column":8},"end":{"line":287,"column":9}},"53":{"start":{"line":284,"column":10},"end":{"line":284,"column":63}},"54":{"start":{"line":286,"column":10},"end":{"line":286,"column":22}},"55":{"start":{"line":290,"column":6},"end":{"line":290,"column":51}},"56":{"start":{"line":291,"column":6},"end":{"line":295,"column":7}},"57":{"start":{"line":292,"column":8},"end":{"line":292,"column":58}},"58":{"start":{"line":294,"column":8},"end":{"line":294,"column":68}},"59":{"start":{"line":23,"column":13},"end":{"line":23,"column":50}}},"fnMap":{"0":{"name":"(anonymous_0)","decl":{"start":{"line":23,"column":50},"end":{"line":23,"column":55}},"loc":{"start":{"line":23,"column":68},"end":{"line":298,"column":1}}},"1":{"name":"(anonymous_1)","decl":{"start":{"line":76,"column":5},"end":{"line":76,"column":10}},"loc":{"start":{"line":76,"column":30},"end":{"line":102,"column":3}}},"2":{"name":"(anonymous_2)","decl":{"start":{"line":154,"column":5},"end":{"line":154,"column":10}},"loc":{"start":{"line":154,"column":30},"end":{"line":213,"column":3}}},"3":{"name":"(anonymous_3)","decl":{"start":{"line":185,"column":34},"end":{"line":185,"column":39}},"loc":{"start":{"line":185,"column":44},"end":{"line":185,"column":53}}},"4":{"name":"(anonymous_4)","decl":{"start":{"line":265,"column":5},"end":{"line":265,"column":10}},"loc":{"start":{"line":265,"column":30},"end":{"line":297,"column":3}}}},"branchMap":{"0":{"loc":{"start":{"line":83,"column":17},"end":{"line":83,"column":54}},"type":"binary-expr","locations":[{"start":{"line":83,"column":17},"end":{"line":83,"column":26}},{"start":{"line":83,"column":30},"end":{"line":83,"column":54}}]},"1":{"loc":{"start":{"line":85,"column":20},"end":{"line":85,"column":58}},"type":"cond-expr","locations":[{"start":{"line":85,"column":33},"end":{"line":85,"column":53}},{"start":{"line":85,"column":56},"end":{"line":85,"column":58}}]},"2":{"loc":{"start":{"line":90,"column":21},"end":{"line":90,"column":71}},"type":"binary-expr","locations":[{"start":{"line":90,"column":21},"end":{"line":90,"column":65}},{"start":{"line":90,"column":69},"end":{"line":90,"column":71}}]},"3":{"loc":{"start":{"line":94,"column":6},"end":{"line":100,"column":7}},"type":"if","locations":[{"start":{"line":94,"column":6},"end":{"line":100,"column":7}},{"start":{"line":96,"column":13},"end":{"line":100,"column":7}}]},"4":{"loc":{"start":{"line":96,"column":13},"end":{"line":100,"column":7}},"type":"if","locations":[{"start":{"line":96,"column":13},"end":{"line":100,"column":7}},{"start":{"line":98,"column":13},"end":{"line":100,"column":7}}]},"5":{"loc":{"start":{"line":158,"column":6},"end":{"line":161,"column":7}},"type":"if","locations":[{"start":{"line":158,"column":6},"end":{"line":161,"column":7}}]},"6":{"loc":{"start":{"line":197,"column":8},"end":{"line":201,"column":9}},"type":"if","locations":[{"start":{"line":197,"column":8},"end":{"line":201,"column":9}},{"start":{"line":199,"column":15},"end":{"line":201,"column":9}}]},"7":{"loc":{"start":{"line":205,"column":6},"end":{"line":211,"column":7}},"type":"if","locations":[{"start":{"line":205,"column":6},"end":{"line":211,"column":7}},{"start":{"line":207,"column":13},"end":{"line":211,"column":7}}]},"8":{"loc":{"start":{"line":207,"column":13},"end":{"line":211,"column":7}},"type":"if","locations":[{"start":{"line":207,"column":13},"end":{"line":211,"column":7}},{"start":{"line":209,"column":13},"end":{"line":211,"column":7}}]},"9":{"loc":{"start":{"line":270,"column":6},"end":{"line":273,"column":7}},"type":"if","locations":[{"start":{"line":270,"column":6},"end":{"line":273,"column":7}}]},"10":{"loc":{"start":{"line":283,"column":8},"end":{"line":287,"column":9}},"type":"if","locations":[{"start":{"line":283,"column":8},"end":{"line":287,"column":9}},{"start":{"line":285,"column":15},"end":{"line":287,"column":9}}]},"11":{"loc":{"start":{"line":291,"column":6},"end":{"line":295,"column":7}},"type":"if","locations":[{"start":{"line":291,"column":6},"end":{"line":295,"column":7}},{"start":{"line":293,"column":13},"end":{"line":295,"column":7}}]}},"s":{"0":4,"1":4,"2":4,"3":4,"4":4,"5":4,"6":4,"7":1,"8":1,"9":1,"10":1,"11":1,"12":1,"13":0,"14":0,"15":0,"16":0,"17":0,"18":0,"19":4,"20":2,"21":2,"22":2,"23":0,"24":0,"25":2,"26":2,"27":2,"28":0,"29":2,"30":2,"31":1,"32":1,"33":1,"34":0,"35":0,"36":0,"37":0,"38":0,"39":0,"40":0,"41":4,"42":1,"43":1,"44":1,"45":1,"46":0,"47":0,"48":1,"49":1,"50":1,"51":1,"52":0,"53":0,"54":0,"55":0,"56":0,"57":0,"58":0,"59":4},"f":{"0":4,"1":1,"2":2,"3":0,"4":1},"b":{"0":[1,0],"1":[0,1],"2":[1,0],"3":[0,0],"4":[0,0],"5":[0],"6":[1,0],"7":[0,0],"8":[0,0],"9":[0],"10":[0,0],"11":[0,0]}}
,"C:\\Users\\jimmy\\OneDrive\\Desktop\\AI-Stuff\\Development\\google_api_wrapper_v2\\src\\routes\\gmail.ts": {"path":"C:\\Users\\jimmy\\OneDrive\\Desktop\\AI-Stuff\\Development\\google_api_wrapper_v2\\src\\routes\\gmail.ts","statementMap":{"0":{"start":{"line":2,"column":0},"end":{"line":2,"column":24}},"1":{"start":{"line":3,"column":0},"end":{"line":3,"column":72}},"2":{"start":{"line":4,"column":0},"end":{"line":4,"column":41}},"3":{"start":{"line":6,"column":27},"end":{"line":10,"column":2}},"4":{"start":{"line":12,"column":25},"end":{"line":15,"column":2}},"5":{"start":{"line":17,"column":24},"end":{"line":22,"column":2}},"6":{"start":{"line":24,"column":47},"end":{"line":235,"column":1}},"7":{"start":{"line":26,"column":2},"end":{"line":91,"column":5}},"8":{"start":{"line":69,"column":4},"end":{"line":90,"column":5}},"9":{"start":{"line":70,"column":44},"end":{"line":70,"column":95}},"10":{"start":{"line":72,"column":20},"end":{"line":72,"column":48}},"11":{"start":{"line":73,"column":23},"end":{"line":77,"column":8}},"12":{"start":{"line":79,"column":23},"end":{"line":79,"column":77}},"13":{"start":{"line":80,"column":6},"end":{"line":80,"column":31}},"14":{"start":{"line":82,"column":6},"end":{"line":82,"column":53}},"15":{"start":{"line":83,"column":6},"end":{"line":89,"column":7}},"16":{"start":{"line":84,"column":8},"end":{"line":84,"column":58}},"17":{"start":{"line":85,"column":13},"end":{"line":89,"column":7}},"18":{"start":{"line":86,"column":8},"end":{"line":86,"column":64}},"19":{"start":{"line":88,"column":8},"end":{"line":88,"column":69}},"20":{"start":{"line":94,"column":2},"end":{"line":166,"column":5}},"21":{"start":{"line":140,"column":4},"end":{"line":165,"column":5}},"22":{"start":{"line":141,"column":28},"end":{"line":141,"column":67}},"23":{"start":{"line":142,"column":25},"end":{"line":142,"column":60}},"24":{"start":{"line":144,"column":20},"end":{"line":144,"column":48}},"25":{"start":{"line":145,"column":23},"end":{"line":148,"column":8}},"26":{"start":{"line":150,"column":6},"end":{"line":153,"column":7}},"27":{"start":{"line":151,"column":8},"end":{"line":151,"column":63}},"28":{"start":{"line":152,"column":8},"end":{"line":152,"column":15}},"29":{"start":{"line":155,"column":6},"end":{"line":155,"column":53}},"30":{"start":{"line":157,"column":6},"end":{"line":157,"column":52}},"31":{"start":{"line":158,"column":6},"end":{"line":164,"column":7}},"32":{"start":{"line":159,"column":8},"end":{"line":159,"column":58}},"33":{"start":{"line":160,"column":13},"end":{"line":164,"column":7}},"34":{"start":{"line":161,"column":8},"end":{"line":161,"column":63}},"35":{"start":{"line":163,"column":8},"end":{"line":163,"column":67}},"36":{"start":{"line":169,"column":2},"end":{"line":234,"column":5}},"37":{"start":{"line":204,"column":4},"end":{"line":233,"column":5}},"38":{"start":{"line":205,"column":44},"end":{"line":205,"column":91}},"39":{"start":{"line":207,"column":20},"end":{"line":207,"column":48}},"40":{"start":{"line":208,"column":22},"end":{"line":212,"column":8}},"41":{"start":{"line":214,"column":23},"end":{"line":223,"column":8}},"42":{"start":{"line":225,"column":6},"end":{"line":225,"column":53}},"43":{"start":{"line":227,"column":6},"end":{"line":227,"column":50}},"44":{"start":{"line":228,"column":6},"end":{"line":232,"column":7}},"45":{"start":{"line":229,"column":8},"end":{"line":229,"column":58}},"46":{"start":{"line":231,"column":8},"end":{"line":231,"column":66}},"47":{"start":{"line":24,"column":13},"end":{"line":24,"column":47}}},"fnMap":{"0":{"name":"(anonymous_0)","decl":{"start":{"line":24,"column":47},"end":{"line":24,"column":52}},"loc":{"start":{"line":24,"column":65},"end":{"line":235,"column":1}}},"1":{"name":"(anonymous_1)","decl":{"start":{"line":68,"column":5},"end":{"line":68,"column":10}},"loc":{"start":{"line":68,"column":30},"end":{"line":91,"column":3}}},"2":{"name":"(anonymous_2)","decl":{"start":{"line":139,"column":5},"end":{"line":139,"column":10}},"loc":{"start":{"line":139,"column":30},"end":{"line":166,"column":3}}},"3":{"name":"(anonymous_3)","decl":{"start":{"line":203,"column":5},"end":{"line":203,"column":10}},"loc":{"start":{"line":203,"column":30},"end":{"line":234,"column":3}}}},"branchMap":{"0":{"loc":{"start":{"line":75,"column":20},"end":{"line":75,"column":58}},"type":"cond-expr","locations":[{"start":{"line":75,"column":33},"end":{"line":75,"column":53}},{"start":{"line":75,"column":56},"end":{"line":75,"column":58}}]},"1":{"loc":{"start":{"line":79,"column":23},"end":{"line":79,"column":77}},"type":"binary-expr","locations":[{"start":{"line":79,"column":23},"end":{"line":79,"column":71}},{"start":{"line":79,"column":75},"end":{"line":79,"column":77}}]},"2":{"loc":{"start":{"line":83,"column":6},"end":{"line":89,"column":7}},"type":"if","locations":[{"start":{"line":83,"column":6},"end":{"line":89,"column":7}},{"start":{"line":85,"column":13},"end":{"line":89,"column":7}}]},"3":{"loc":{"start":{"line":85,"column":13},"end":{"line":89,"column":7}},"type":"if","locations":[{"start":{"line":85,"column":13},"end":{"line":89,"column":7}},{"start":{"line":87,"column":13},"end":{"line":89,"column":7}}]},"4":{"loc":{"start":{"line":150,"column":6},"end":{"line":153,"column":7}},"type":"if","locations":[{"start":{"line":150,"column":6},"end":{"line":153,"column":7}}]},"5":{"loc":{"start":{"line":158,"column":6},"end":{"line":164,"column":7}},"type":"if","locations":[{"start":{"line":158,"column":6},"end":{"line":164,"column":7}},{"start":{"line":160,"column":13},"end":{"line":164,"column":7}}]},"6":{"loc":{"start":{"line":160,"column":13},"end":{"line":164,"column":7}},"type":"if","locations":[{"start":{"line":160,"column":13},"end":{"line":164,"column":7}},{"start":{"line":162,"column":13},"end":{"line":164,"column":7}}]},"7":{"loc":{"start":{"line":228,"column":6},"end":{"line":232,"column":7}},"type":"if","locations":[{"start":{"line":228,"column":6},"end":{"line":232,"column":7}},{"start":{"line":230,"column":13},"end":{"line":232,"column":7}}]}},"s":{"0":4,"1":4,"2":4,"3":4,"4":4,"5":4,"6":4,"7":4,"8":1,"9":1,"10":1,"11":1,"12":1,"13":1,"14":0,"15":0,"16":0,"17":0,"18":0,"19":0,"20":4,"21":2,"22":2,"23":2,"24":2,"25":2,"26":1,"27":0,"28":0,"29":1,"30":1,"31":1,"32":0,"33":1,"34":1,"35":0,"36":4,"37":1,"38":1,"39":1,"40":1,"41":1,"42":1,"43":0,"44":0,"45":0,"46":0,"47":4},"f":{"0":4,"1":1,"2":2,"3":1},"b":{"0":[1,0],"1":[1,0],"2":[0,0],"3":[0,0],"4":[0],"5":[0,1],"6":[1,0],"7":[0,0]}}
,"C:\\Users\\jimmy\\OneDrive\\Desktop\\AI-Stuff\\Development\\google_api_wrapper_v2\\src\\services\\auth.ts": {"path":"C:\\Users\\jimmy\\OneDrive\\Desktop\\AI-Stuff\\Development\\google_api_wrapper_v2\\src\\services\\auth.ts","statementMap":{"0":{"start":{"line":15,"column":0},"end":{"line":15,"column":16}},"1":{"start":{"line":32,"column":0},"end":{"line":32,"column":16}},"2":{"start":{"line":44,"column":0},"end":{"line":44,"column":7}},"3":{"start":{"line":57,"column":0},"end":{"line":57,"column":7}},"4":{"start":{"line":67,"column":0},"end":{"line":67,"column":16}},"5":{"start":{"line":76,"column":0},"end":{"line":76,"column":7}},"6":{"start":{"line":101,"column":0},"end":{"line":101,"column":16}},"7":{"start":{"line":105,"column":0},"end":{"line":105,"column":16}},"8":{"start":{"line":1,"column":0},"end":{"line":1,"column":64}},"9":{"start":{"line":2,"column":0},"end":{"line":2,"column":33}},"10":{"start":{"line":3,"column":0},"end":{"line":3,"column":92}},"11":{"start":{"line":4,"column":0},"end":{"line":4,"column":41}},"12":{"start":{"line":7,"column":19},"end":{"line":7,"column":53}},"13":{"start":{"line":9,"column":21},"end":{"line":12,"column":null}},"14":{"start":{"line":16,"column":13},"end":{"line":16,"column":46}},"15":{"start":{"line":17,"column":14},"end":{"line":17,"column":46}},"16":{"start":{"line":18,"column":18},"end":{"line":18,"column":39}},"17":{"start":{"line":20,"column":20},"end":{"line":24,"column":4}},"18":{"start":{"line":26,"column":2},"end":{"line":29,"column":4}},"19":{"start":{"line":33,"column":14},"end":{"line":33,"column":46}},"20":{"start":{"line":34,"column":16},"end":{"line":38,"column":4}},"21":{"start":{"line":40,"column":23},"end":{"line":40,"column":56}},"22":{"start":{"line":41,"column":2},"end":{"line":41,"column":34}},"23":{"start":{"line":45,"column":20},"end":{"line":45,"column":39}},"24":{"start":{"line":46,"column":17},"end":{"line":46,"column":39}},"25":{"start":{"line":48,"column":2},"end":{"line":52,"column":5}},"26":{"start":{"line":54,"column":2},"end":{"line":54,"column":49}},"27":{"start":{"line":58,"column":22},"end":{"line":58,"column":44}},"28":{"start":{"line":59,"column":2},"end":{"line":61,"column":3}},"29":{"start":{"line":60,"column":4},"end":{"line":60,"column":16}},"30":{"start":{"line":63,"column":26},"end":{"line":63,"column":37}},"31":{"start":{"line":64,"column":2},"end":{"line":64,"column":39}},"32":{"start":{"line":68,"column":22},"end":{"line":68,"column":44}},"33":{"start":{"line":69,"column":2},"end":{"line":71,"column":3}},"34":{"start":{"line":70,"column":4},"end":{"line":70,"column":17}},"35":{"start":{"line":73,"column":2},"end":{"line":73,"column":75}},"36":{"start":{"line":73,"column":39},"end":{"line":73,"column":73}},"37":{"start":{"line":77,"column":16},"end":{"line":77,"column":38}},"38":{"start":{"line":78,"column":2},"end":{"line":80,"column":3}},"39":{"start":{"line":79,"column":4},"end":{"line":79,"column":47}},"40":{"start":{"line":82,"column":21},"end":{"line":82,"column":38}},"41":{"start":{"line":83,"column":14},"end":{"line":83,"column":24}},"42":{"start":{"line":86,"column":2},"end":{"line":98,"column":3}},"43":{"start":{"line":87,"column":4},"end":{"line":87,"column":39}},"44":{"start":{"line":88,"column":21},"end":{"line":88,"column":60}},"45":{"start":{"line":89,"column":32},"end":{"line":95,"column":6}},"46":{"start":{"line":96,"column":4},"end":{"line":96,"column":39}},"47":{"start":{"line":97,"column":4},"end":{"line":97,"column":54}},"48":{"start":{"line":102,"column":2},"end":{"line":102,"column":22}},"49":{"start":{"line":106,"column":2},"end":{"line":111,"column":5}}},"fnMap":{"0":{"name":"encryptToken","decl":{"start":{"line":15,"column":16},"end":{"line":15,"column":28}},"loc":{"start":{"line":15,"column":45},"end":{"line":30,"column":1}}},"1":{"name":"decryptToken","decl":{"start":{"line":32,"column":16},"end":{"line":32,"column":28}},"loc":{"start":{"line":32,"column":54},"end":{"line":42,"column":1}}},"2":{"name":"storeToken","decl":{"start":{"line":44,"column":22},"end":{"line":44,"column":32}},"loc":{"start":{"line":44,"column":65},"end":{"line":55,"column":1}}},"3":{"name":"getToken","decl":{"start":{"line":57,"column":22},"end":{"line":57,"column":30}},"loc":{"start":{"line":57,"column":45},"end":{"line":65,"column":1}}},"4":{"name":"validateScopes","decl":{"start":{"line":67,"column":16},"end":{"line":67,"column":30}},"loc":{"start":{"line":67,"column":71},"end":{"line":74,"column":1}}},"5":{"name":"(anonymous_6)","decl":{"start":{"line":73,"column":30},"end":{"line":73,"column":35}},"loc":{"start":{"line":73,"column":39},"end":{"line":73,"column":73}}},"6":{"name":"refreshTokenIfNeeded","decl":{"start":{"line":76,"column":22},"end":{"line":76,"column":42}},"loc":{"start":{"line":76,"column":57},"end":{"line":99,"column":1}}},"7":{"name":"getOAuth2Client","decl":{"start":{"line":101,"column":16},"end":{"line":101,"column":31}},"loc":{"start":{"line":101,"column":31},"end":{"line":103,"column":1}}},"8":{"name":"generateAuthUrl","decl":{"start":{"line":105,"column":16},"end":{"line":105,"column":31}},"loc":{"start":{"line":105,"column":61},"end":{"line":112,"column":1}}}},"branchMap":{"0":{"loc":{"start":{"line":17,"column":14},"end":{"line":17,"column":46}},"type":"binary-expr","locations":[{"start":{"line":17,"column":14},"end":{"line":17,"column":40}},{"start":{"line":17,"column":44},"end":{"line":17,"column":46}}]},"1":{"loc":{"start":{"line":33,"column":14},"end":{"line":33,"column":46}},"type":"binary-expr","locations":[{"start":{"line":33,"column":14},"end":{"line":33,"column":40}},{"start":{"line":33,"column":44},"end":{"line":33,"column":46}}]},"2":{"loc":{"start":{"line":59,"column":2},"end":{"line":61,"column":3}},"type":"if","locations":[{"start":{"line":59,"column":2},"end":{"line":61,"column":3}}]},"3":{"loc":{"start":{"line":69,"column":2},"end":{"line":71,"column":3}},"type":"if","locations":[{"start":{"line":69,"column":2},"end":{"line":71,"column":3}}]},"4":{"loc":{"start":{"line":78,"column":2},"end":{"line":80,"column":3}},"type":"if","locations":[{"start":{"line":78,"column":2},"end":{"line":80,"column":3}}]},"5":{"loc":{"start":{"line":86,"column":2},"end":{"line":98,"column":3}},"type":"if","locations":[{"start":{"line":86,"column":2},"end":{"line":98,"column":3}}]},"6":{"loc":{"start":{"line":91,"column":21},"end":{"line":91,"column":78}},"type":"binary-expr","locations":[{"start":{"line":91,"column":21},"end":{"line":91,"column":55}},{"start":{"line":91,"column":59},"end":{"line":91,"column":78}}]},"7":{"loc":{"start":{"line":92,"column":18},"end":{"line":92,"column":61}},"type":"binary-expr","locations":[{"start":{"line":92,"column":18},"end":{"line":92,"column":49}},{"start":{"line":92,"column":53},"end":{"line":92,"column":61}}]},"8":{"loc":{"start":{"line":93,"column":13},"end":{"line":93,"column":54}},"type":"binary-expr","locations":[{"start":{"line":93,"column":13},"end":{"line":93,"column":39}},{"start":{"line":93,"column":43},"end":{"line":93,"column":54}}]}},"s":{"0":0,"1":0,"2":0,"3":0,"4":0,"5":0,"6":0,"7":0,"8":0,"9":0,"10":0,"11":0,"12":0,"13":0,"14":0,"15":0,"16":0,"17":0,"18":0,"19":0,"20":0,"21":0,"22":0,"23":0,"24":0,"25":0,"26":0,"27":0,"28":0,"29":0,"30":0,"31":0,"32":0,"33":0,"34":0,"35":0,"36":0,"37":0,"38":0,"39":0,"40":0,"41":0,"42":0,"43":0,"44":0,"45":0,"46":0,"47":0,"48":0,"49":0},"f":{"0":0,"1":0,"2":0,"3":0,"4":0,"5":0,"6":0,"7":0,"8":0},"b":{"0":[0,0],"1":[0,0],"2":[0],"3":[0],"4":[0],"5":[0],"6":[0,0],"7":[0,0],"8":[0,0]}}
,"C:\\Users\\jimmy\\OneDrive\\Desktop\\AI-Stuff\\Development\\google_api_wrapper_v2\\src\\services\\calendar.ts": {"path":"C:\\Users\\jimmy\\OneDrive\\Desktop\\AI-Stuff\\Development\\google_api_wrapper_v2\\src\\services\\calendar.ts","statementMap":{"0":{"start":{"line":48,"column":0},"end":{"line":48,"column":7}},"1":{"start":{"line":83,"column":0},"end":{"line":83,"column":7}},"2":{"start":{"line":132,"column":0},"end":{"line":132,"column":7}},"3":{"start":{"line":150,"column":0},"end":{"line":150,"column":16}},"4":{"start":{"line":1,"column":0},"end":{"line":1,"column":49}},"5":{"start":{"line":3,"column":0},"end":{"line":3,"column":56}},"6":{"start":{"line":4,"column":0},"end":{"line":4,"column":41}},"7":{"start":{"line":6,"column":17},"end":{"line":6,"column":38}},"8":{"start":{"line":9,"column":2},"end":{"line":25,"column":4}},"9":{"start":{"line":19,"column":49},"end":{"line":23,"column":6}},"10":{"start":{"line":29,"column":2},"end":{"line":45,"column":4}},"11":{"start":{"line":54,"column":2},"end":{"line":54,"column":37}},"12":{"start":{"line":55,"column":16},"end":{"line":55,"column":38}},"13":{"start":{"line":57,"column":2},"end":{"line":59,"column":3}},"14":{"start":{"line":58,"column":4},"end":{"line":58,"column":46}},"15":{"start":{"line":61,"column":15},"end":{"line":61,"column":39}},"16":{"start":{"line":62,"column":2},"end":{"line":62,"column":29}},"17":{"start":{"line":64,"column":2},"end":{"line":80,"column":3}},"18":{"start":{"line":65,"column":21},"end":{"line":73,"column":6}},"19":{"start":{"line":75,"column":19},"end":{"line":75,"column":44}},"20":{"start":{"line":76,"column":4},"end":{"line":76,"column":37}},"21":{"start":{"line":78,"column":4},"end":{"line":78,"column":49}},"22":{"start":{"line":79,"column":4},"end":{"line":79,"column":45}},"23":{"start":{"line":92,"column":2},"end":{"line":92,"column":37}},"24":{"start":{"line":93,"column":16},"end":{"line":93,"column":38}},"25":{"start":{"line":95,"column":2},"end":{"line":97,"column":3}},"26":{"start":{"line":96,"column":4},"end":{"line":96,"column":46}},"27":{"start":{"line":99,"column":15},"end":{"line":99,"column":39}},"28":{"start":{"line":100,"column":2},"end":{"line":100,"column":29}},"29":{"start":{"line":102,"column":46},"end":{"line":115,"column":4}},"30":{"start":{"line":113,"column":40},"end":{"line":113,"column":49}},"31":{"start":{"line":117,"column":2},"end":{"line":129,"column":3}},"32":{"start":{"line":118,"column":21},"end":{"line":123,"column":6}},"33":{"start":{"line":125,"column":4},"end":{"line":125,"column":41}},"34":{"start":{"line":127,"column":4},"end":{"line":127,"column":49}},"35":{"start":{"line":128,"column":4},"end":{"line":128,"column":46}},"36":{"start":{"line":133,"column":16},"end":{"line":133,"column":38}},"37":{"start":{"line":134,"column":2},"end":{"line":136,"column":3}},"38":{"start":{"line":135,"column":4},"end":{"line":135,"column":47}},"39":{"start":{"line":138,"column":23},"end":{"line":138,"column":47}},"40":{"start":{"line":139,"column":2},"end":{"line":139,"column":37}},"41":{"start":{"line":141,"column":2},"end":{"line":141,"column":64}},"42":{"start":{"line":146,"column":2},"end":{"line":146,"column":44}},"43":{"start":{"line":151,"column":2},"end":{"line":165,"column":4}},"44":{"start":{"line":157,"column":56},"end":{"line":161,"column":6}}},"fnMap":{"0":{"name":"simplifyEvent","decl":{"start":{"line":8,"column":9},"end":{"line":8,"column":22}},"loc":{"start":{"line":8,"column":54},"end":{"line":26,"column":1}}},"1":{"name":"(anonymous_1)","decl":{"start":{"line":19,"column":36},"end":{"line":19,"column":44}},"loc":{"start":{"line":19,"column":49},"end":{"line":23,"column":6}}},"2":{"name":"getEventDetail","decl":{"start":{"line":28,"column":9},"end":{"line":28,"column":23}},"loc":{"start":{"line":28,"column":55},"end":{"line":46,"column":1}}},"3":{"name":"listEvents","decl":{"start":{"line":48,"column":22},"end":{"line":48,"column":32}},"loc":{"start":{"line":52,"column":25},"end":{"line":81,"column":1}}},"4":{"name":"createEvent","decl":{"start":{"line":83,"column":22},"end":{"line":83,"column":33}},"loc":{"start":{"line":90,"column":19},"end":{"line":130,"column":1}}},"5":{"name":"(anonymous_5)","decl":{"start":{"line":113,"column":30},"end":{"line":113,"column":35}},"loc":{"start":{"line":113,"column":40},"end":{"line":113,"column":49}}},"6":{"name":"getCalendarClient","decl":{"start":{"line":132,"column":22},"end":{"line":132,"column":39}},"loc":{"start":{"line":132,"column":54},"end":{"line":142,"column":1}}},"7":{"name":"nullToUndefined","decl":{"start":{"line":145,"column":9},"end":{"line":145,"column":24}},"loc":{"start":{"line":145,"column":55},"end":{"line":147,"column":1}}},"8":{"name":"convertGoogleEvent","decl":{"start":{"line":150,"column":16},"end":{"line":150,"column":34}},"loc":{"start":{"line":150,"column":45},"end":{"line":166,"column":1}}},"9":{"name":"(anonymous_9)","decl":{"start":{"line":157,"column":36},"end":{"line":157,"column":37}},"loc":{"start":{"line":157,"column":56},"end":{"line":161,"column":6}}}},"branchMap":{"0":{"loc":{"start":{"line":11,"column":13},"end":{"line":11,"column":32}},"type":"binary-expr","locations":[{"start":{"line":11,"column":13},"end":{"line":11,"column":26}},{"start":{"line":11,"column":30},"end":{"line":11,"column":32}}]},"1":{"loc":{"start":{"line":13,"column":11},"end":{"line":13,"column":59}},"type":"binary-expr","locations":[{"start":{"line":13,"column":11},"end":{"line":13,"column":32}},{"start":{"line":13,"column":36},"end":{"line":13,"column":53}},{"start":{"line":13,"column":57},"end":{"line":13,"column":59}}]},"2":{"loc":{"start":{"line":14,"column":9},"end":{"line":14,"column":53}},"type":"binary-expr","locations":[{"start":{"line":14,"column":9},"end":{"line":14,"column":28}},{"start":{"line":14,"column":32},"end":{"line":14,"column":47}},{"start":{"line":14,"column":51},"end":{"line":14,"column":53}}]},"3":{"loc":{"start":{"line":16,"column":13},"end":{"line":16,"column":41}},"type":"binary-expr","locations":[{"start":{"line":16,"column":13},"end":{"line":16,"column":35}},{"start":{"line":16,"column":39},"end":{"line":16,"column":41}}]},"4":{"loc":{"start":{"line":20,"column":13},"end":{"line":20,"column":33}},"type":"binary-expr","locations":[{"start":{"line":20,"column":13},"end":{"line":20,"column":27}},{"start":{"line":20,"column":31},"end":{"line":20,"column":33}}]},"5":{"loc":{"start":{"line":31,"column":13},"end":{"line":31,"column":32}},"type":"binary-expr","locations":[{"start":{"line":31,"column":13},"end":{"line":31,"column":26}},{"start":{"line":31,"column":30},"end":{"line":31,"column":32}}]},"6":{"loc":{"start":{"line":32,"column":13},"end":{"line":32,"column":32}},"type":"binary-expr","locations":[{"start":{"line":32,"column":13},"end":{"line":32,"column":26}},{"start":{"line":32,"column":30},"end":{"line":32,"column":32}}]},"7":{"loc":{"start":{"line":33,"column":12},"end":{"line":33,"column":30}},"type":"binary-expr","locations":[{"start":{"line":33,"column":12},"end":{"line":33,"column":24}},{"start":{"line":33,"column":28},"end":{"line":33,"column":30}}]},"8":{"loc":{"start":{"line":34,"column":14},"end":{"line":34,"column":34}},"type":"binary-expr","locations":[{"start":{"line":34,"column":14},"end":{"line":34,"column":28}},{"start":{"line":34,"column":32},"end":{"line":34,"column":34}}]},"9":{"loc":{"start":{"line":37,"column":13},"end":{"line":37,"column":39}},"type":"binary-expr","locations":[{"start":{"line":37,"column":13},"end":{"line":37,"column":33}},{"start":{"line":37,"column":37},"end":{"line":37,"column":39}}]},"10":{"loc":{"start":{"line":41,"column":23},"end":{"line":44,"column":17}},"type":"cond-expr","locations":[{"start":{"line":41,"column":49},"end":{"line":44,"column":6}},{"start":{"line":44,"column":8},"end":{"line":44,"column":17}}]},"11":{"loc":{"start":{"line":42,"column":16},"end":{"line":42,"column":54}},"type":"binary-expr","locations":[{"start":{"line":42,"column":16},"end":{"line":42,"column":48}},{"start":{"line":42,"column":52},"end":{"line":42,"column":54}}]},"12":{"loc":{"start":{"line":43,"column":16},"end":{"line":43,"column":54}},"type":"binary-expr","locations":[{"start":{"line":43,"column":16},"end":{"line":43,"column":48}},{"start":{"line":43,"column":52},"end":{"line":43,"column":54}}]},"13":{"loc":{"start":{"line":52,"column":2},"end":{"line":52,"column":25}},"type":"default-arg","locations":[{"start":{"line":52,"column":23},"end":{"line":52,"column":25}}]},"14":{"loc":{"start":{"line":57,"column":2},"end":{"line":59,"column":3}},"type":"if","locations":[{"start":{"line":57,"column":2},"end":{"line":59,"column":3}}]},"15":{"loc":{"start":{"line":75,"column":19},"end":{"line":75,"column":44}},"type":"binary-expr","locations":[{"start":{"line":75,"column":19},"end":{"line":75,"column":38}},{"start":{"line":75,"column":42},"end":{"line":75,"column":44}}]},"16":{"loc":{"start":{"line":95,"column":2},"end":{"line":97,"column":3}},"type":"if","locations":[{"start":{"line":95,"column":2},"end":{"line":97,"column":3}}]},"17":{"loc":{"start":{"line":134,"column":2},"end":{"line":136,"column":3}},"type":"if","locations":[{"start":{"line":134,"column":2},"end":{"line":136,"column":3}}]},"18":{"loc":{"start":{"line":146,"column":9},"end":{"line":146,"column":43}},"type":"cond-expr","locations":[{"start":{"line":146,"column":26},"end":{"line":146,"column":35}},{"start":{"line":146,"column":38},"end":{"line":146,"column":43}}]}},"s":{"0":4,"1":4,"2":4,"3":4,"4":4,"5":4,"6":4,"7":4,"8":0,"9":0,"10":0,"11":0,"12":0,"13":0,"14":0,"15":0,"16":0,"17":0,"18":0,"19":0,"20":0,"21":0,"22":0,"23":0,"24":0,"25":0,"26":0,"27":0,"28":0,"29":0,"30":0,"31":0,"32":0,"33":0,"34":0,"35":0,"36":4,"37":4,"38":0,"39":4,"40":4,"41":4,"42":8,"43":2,"44":0},"f":{"0":0,"1":0,"2":0,"3":0,"4":0,"5":0,"6":4,"7":8,"8":2,"9":0},"b":{"0":[0,0],"1":[0,0,0],"2":[0,0,0],"3":[0,0],"4":[0,0],"5":[0,0],"6":[0,0],"7":[0,0],"8":[0,0],"9":[0,0],"10":[0,0],"11":[0,0],"12":[0,0],"13":[0],"14":[0],"15":[0,0],"16":[0],"17":[0],"18":[0,8]}}
,"C:\\Users\\jimmy\\OneDrive\\Desktop\\AI-Stuff\\Development\\google_api_wrapper_v2\\src\\services\\gmail.ts": {"path":"C:\\Users\\jimmy\\OneDrive\\Desktop\\AI-Stuff\\Development\\google_api_wrapper_v2\\src\\services\\gmail.ts","statementMap":{"0":{"start":{"line":64,"column":0},"end":{"line":64,"column":7}},"1":{"start":{"line":113,"column":0},"end":{"line":113,"column":7}},"2":{"start":{"line":159,"column":0},"end":{"line":159,"column":7}},"3":{"start":{"line":206,"column":0},"end":{"line":206,"column":7}},"4":{"start":{"line":224,"column":0},"end":{"line":224,"column":16}},"5":{"start":{"line":1,"column":0},"end":{"line":1,"column":46}},"6":{"start":{"line":3,"column":0},"end":{"line":3,"column":56}},"7":{"start":{"line":4,"column":0},"end":{"line":4,"column":41}},"8":{"start":{"line":6,"column":14},"end":{"line":6,"column":32}},"9":{"start":{"line":9,"column":16},"end":{"line":9,"column":34}},"10":{"start":{"line":10,"column":16},"end":{"line":10,"column":60}},"11":{"start":{"line":11,"column":2},"end":{"line":11,"column":38}},"12":{"start":{"line":20,"column":17},"end":{"line":25,"column":4}},"13":{"start":{"line":27,"column":2},"end":{"line":42,"column":5}},"14":{"start":{"line":28,"column":4},"end":{"line":41,"column":5}},"15":{"start":{"line":30,"column":8},"end":{"line":30,"column":48}},"16":{"start":{"line":31,"column":8},"end":{"line":31,"column":14}},"17":{"start":{"line":33,"column":8},"end":{"line":33,"column":102}},"18":{"start":{"line":33,"column":65},"end":{"line":33,"column":100}},"19":{"start":{"line":34,"column":8},"end":{"line":34,"column":14}},"20":{"start":{"line":36,"column":8},"end":{"line":36,"column":44}},"21":{"start":{"line":37,"column":8},"end":{"line":37,"column":14}},"22":{"start":{"line":39,"column":8},"end":{"line":39,"column":41}},"23":{"start":{"line":40,"column":8},"end":{"line":40,"column":14}},"24":{"start":{"line":44,"column":2},"end":{"line":44,"column":16}},"25":{"start":{"line":48,"column":2},"end":{"line":51,"column":3}},"26":{"start":{"line":49,"column":4},"end":{"line":50,"column":63}},"27":{"start":{"line":53,"column":24},"end":{"line":54,"column":null}},"28":{"start":{"line":54,"column":12},"end":{"line":54,"column":42}},"29":{"start":{"line":57,"column":2},"end":{"line":59,"column":3}},"30":{"start":{"line":58,"column":4},"end":{"line":58,"column":69}},"31":{"start":{"line":61,"column":2},"end":{"line":61,"column":12}},"32":{"start":{"line":69,"column":2},"end":{"line":69,"column":37}},"33":{"start":{"line":70,"column":16},"end":{"line":70,"column":38}},"34":{"start":{"line":72,"column":2},"end":{"line":74,"column":3}},"35":{"start":{"line":73,"column":4},"end":{"line":73,"column":46}},"36":{"start":{"line":76,"column":15},"end":{"line":76,"column":39}},"37":{"start":{"line":77,"column":2},"end":{"line":77,"column":29}},"38":{"start":{"line":79,"column":2},"end":{"line":110,"column":3}},"39":{"start":{"line":80,"column":21},"end":{"line":85,"column":6}},"40":{"start":{"line":87,"column":21},"end":{"line":87,"column":49}},"41":{"start":{"line":88,"column":27},"end":{"line":103,"column":null}},"42":{"start":{"line":90,"column":23},"end":{"line":94,"column":10}},"43":{"start":{"line":96,"column":24},"end":{"line":96,"column":73}},"44":{"start":{"line":98,"column":8},"end":{"line":102,"column":10}},"45":{"start":{"line":106,"column":4},"end":{"line":106,"column":26}},"46":{"start":{"line":108,"column":4},"end":{"line":108,"column":51}},"47":{"start":{"line":109,"column":4},"end":{"line":109,"column":47}},"48":{"start":{"line":117,"column":2},"end":{"line":117,"column":37}},"49":{"start":{"line":118,"column":16},"end":{"line":118,"column":38}},"50":{"start":{"line":120,"column":2},"end":{"line":122,"column":3}},"51":{"start":{"line":121,"column":4},"end":{"line":121,"column":46}},"52":{"start":{"line":124,"column":15},"end":{"line":124,"column":39}},"53":{"start":{"line":125,"column":2},"end":{"line":125,"column":29}},"54":{"start":{"line":127,"column":2},"end":{"line":156,"column":3}},"55":{"start":{"line":128,"column":21},"end":{"line":132,"column":6}},"56":{"start":{"line":134,"column":20},"end":{"line":134,"column":33}},"57":{"start":{"line":135,"column":20},"end":{"line":135,"column":65}},"58":{"start":{"line":136,"column":17},"end":{"line":136,"column":51}},"59":{"start":{"line":138,"column":24},"end":{"line":144,"column":9}},"60":{"start":{"line":139,"column":23},"end":{"line":139,"column":49}},"61":{"start":{"line":140,"column":20},"end":{"line":144,"column":8}},"62":{"start":{"line":146,"column":4},"end":{"line":152,"column":6}},"63":{"start":{"line":154,"column":4},"end":{"line":154,"column":50}},"64":{"start":{"line":155,"column":4},"end":{"line":155,"column":45}},"65":{"start":{"line":165,"column":2},"end":{"line":165,"column":37}},"66":{"start":{"line":166,"column":16},"end":{"line":166,"column":38}},"67":{"start":{"line":168,"column":2},"end":{"line":170,"column":3}},"68":{"start":{"line":169,"column":4},"end":{"line":169,"column":46}},"69":{"start":{"line":172,"column":15},"end":{"line":172,"column":39}},"70":{"start":{"line":173,"column":2},"end":{"line":173,"column":29}},"71":{"start":{"line":175,"column":2},"end":{"line":203,"column":3}},"72":{"start":{"line":176,"column":20},"end":{"line":183,"column":16}},"73":{"start":{"line":185,"column":27},"end":{"line":189,"column":25}},"74":{"start":{"line":191,"column":4},"end":{"line":197,"column":7}},"75":{"start":{"line":199,"column":4},"end":{"line":199,"column":39}},"76":{"start":{"line":201,"column":4},"end":{"line":201,"column":50}},"77":{"start":{"line":202,"column":4},"end":{"line":202,"column":46}},"78":{"start":{"line":207,"column":16},"end":{"line":207,"column":38}},"79":{"start":{"line":208,"column":2},"end":{"line":210,"column":3}},"80":{"start":{"line":209,"column":4},"end":{"line":209,"column":47}},"81":{"start":{"line":212,"column":23},"end":{"line":212,"column":47}},"82":{"start":{"line":213,"column":2},"end":{"line":213,"column":37}},"83":{"start":{"line":215,"column":2},"end":{"line":215,"column":61}},"84":{"start":{"line":220,"column":2},"end":{"line":220,"column":44}},"85":{"start":{"line":225,"column":2},"end":{"line":234,"column":4}}},"fnMap":{"0":{"name":"parseEmailAddress","decl":{"start":{"line":8,"column":9},"end":{"line":8,"column":26}},"loc":{"start":{"line":8,"column":68},"end":{"line":12,"column":1}}},"1":{"name":"parseMessageHeaders","decl":{"start":{"line":14,"column":9},"end":{"line":14,"column":28}},"loc":{"start":{"line":14,"column":78},"end":{"line":45,"column":1}}},"2":{"name":"(anonymous_2)","decl":{"start":{"line":27,"column":18},"end":{"line":27,"column":19}},"loc":{"start":{"line":27,"column":29},"end":{"line":42,"column":3}}},"3":{"name":"(anonymous_3)","decl":{"start":{"line":33,"column":56},"end":{"line":33,"column":61}},"loc":{"start":{"line":33,"column":65},"end":{"line":33,"column":100}}},"4":{"name":"getPlainTextBody","decl":{"start":{"line":47,"column":9},"end":{"line":47,"column":25}},"loc":{"start":{"line":47,"column":62},"end":{"line":62,"column":1}}},"5":{"name":"(anonymous_5)","decl":{"start":{"line":54,"column":4},"end":{"line":54,"column":8}},"loc":{"start":{"line":54,"column":12},"end":{"line":54,"column":42}}},"6":{"name":"listMessages","decl":{"start":{"line":64,"column":22},"end":{"line":64,"column":34}},"loc":{"start":{"line":67,"column":16},"end":{"line":111,"column":1}}},"7":{"name":"(anonymous_7)","decl":{"start":{"line":89,"column":19},"end":{"line":89,"column":24}},"loc":{"start":{"line":89,"column":37},"end":{"line":103,"column":7}}},"8":{"name":"getMessage","decl":{"start":{"line":113,"column":22},"end":{"line":113,"column":32}},"loc":{"start":{"line":115,"column":19},"end":{"line":157,"column":1}}},"9":{"name":"(anonymous_9)","decl":{"start":{"line":139,"column":15},"end":{"line":139,"column":19}},"loc":{"start":{"line":139,"column":23},"end":{"line":139,"column":49}}},"10":{"name":"(anonymous_10)","decl":{"start":{"line":140,"column":11},"end":{"line":140,"column":15}},"loc":{"start":{"line":140,"column":20},"end":{"line":144,"column":8}}},"11":{"name":"sendMessage","decl":{"start":{"line":159,"column":22},"end":{"line":159,"column":33}},"loc":{"start":{"line":163,"column":14},"end":{"line":204,"column":1}}},"12":{"name":"getGmailClient","decl":{"start":{"line":206,"column":22},"end":{"line":206,"column":36}},"loc":{"start":{"line":206,"column":51},"end":{"line":216,"column":1}}},"13":{"name":"nullToUndefined","decl":{"start":{"line":219,"column":9},"end":{"line":219,"column":24}},"loc":{"start":{"line":219,"column":55},"end":{"line":221,"column":1}}},"14":{"name":"convertGmailMessage","decl":{"start":{"line":224,"column":16},"end":{"line":224,"column":35}},"loc":{"start":{"line":224,"column":48},"end":{"line":235,"column":1}}}},"branchMap":{"0":{"loc":{"start":{"line":9,"column":16},"end":{"line":9,"column":34}},"type":"binary-expr","locations":[{"start":{"line":9,"column":16},"end":{"line":9,"column":28}},{"start":{"line":9,"column":32},"end":{"line":9,"column":34}}]},"1":{"loc":{"start":{"line":10,"column":16},"end":{"line":10,"column":60}},"type":"binary-expr","locations":[{"start":{"line":10,"column":16},"end":{"line":10,"column":37}},{"start":{"line":10,"column":41},"end":{"line":10,"column":60}}]},"2":{"loc":{"start":{"line":11,"column":9},"end":{"line":11,"column":37}},"type":"cond-expr","locations":[{"start":{"line":11,"column":17},"end":{"line":11,"column":32}},{"start":{"line":11,"column":35},"end":{"line":11,"column":37}}]},"3":{"loc":{"start":{"line":14,"column":29},"end":{"line":14,"column":78}},"type":"default-arg","locations":[{"start":{"line":14,"column":76},"end":{"line":14,"column":78}}]},"4":{"loc":{"start":{"line":28,"column":4},"end":{"line":41,"column":5}},"type":"switch","locations":[{"start":{"line":29,"column":6},"end":{"line":31,"column":14}},{"start":{"line":32,"column":6},"end":{"line":34,"column":14}},{"start":{"line":35,"column":6},"end":{"line":37,"column":14}},{"start":{"line":38,"column":6},"end":{"line":40,"column":14}}]},"5":{"loc":{"start":{"line":33,"column":21},"end":{"line":33,"column":39}},"type":"binary-expr","locations":[{"start":{"line":33,"column":21},"end":{"line":33,"column":33}},{"start":{"line":33,"column":37},"end":{"line":33,"column":39}}]},"6":{"loc":{"start":{"line":36,"column":25},"end":{"line":36,"column":43}},"type":"binary-expr","locations":[{"start":{"line":36,"column":25},"end":{"line":36,"column":37}},{"start":{"line":36,"column":41},"end":{"line":36,"column":43}}]},"7":{"loc":{"start":{"line":39,"column":22},"end":{"line":39,"column":40}},"type":"binary-expr","locations":[{"start":{"line":39,"column":22},"end":{"line":39,"column":34}},{"start":{"line":39,"column":38},"end":{"line":39,"column":40}}]},"8":{"loc":{"start":{"line":48,"column":2},"end":{"line":51,"column":3}},"type":"if","locations":[{"start":{"line":48,"column":2},"end":{"line":51,"column":3}}]},"9":{"loc":{"start":{"line":49,"column":11},"end":{"line":50,"column":62}},"type":"cond-expr","locations":[{"start":{"line":50,"column":6},"end":{"line":50,"column":57}},{"start":{"line":50,"column":60},"end":{"line":50,"column":62}}]},"10":{"loc":{"start":{"line":57,"column":2},"end":{"line":59,"column":3}},"type":"if","locations":[{"start":{"line":57,"column":2},"end":{"line":59,"column":3}}]},"11":{"loc":{"start":{"line":66,"column":2},"end":{"line":66,"column":25}},"type":"default-arg","locations":[{"start":{"line":66,"column":23},"end":{"line":66,"column":25}}]},"12":{"loc":{"start":{"line":72,"column":2},"end":{"line":74,"column":3}},"type":"if","locations":[{"start":{"line":72,"column":2},"end":{"line":74,"column":3}}]},"13":{"loc":{"start":{"line":87,"column":21},"end":{"line":87,"column":49}},"type":"binary-expr","locations":[{"start":{"line":87,"column":21},"end":{"line":87,"column":43}},{"start":{"line":87,"column":47},"end":{"line":87,"column":49}}]},"14":{"loc":{"start":{"line":101,"column":19},"end":{"line":101,"column":44}},"type":"binary-expr","locations":[{"start":{"line":101,"column":19},"end":{"line":101,"column":38}},{"start":{"line":101,"column":42},"end":{"line":101,"column":44}}]},"15":{"loc":{"start":{"line":120,"column":2},"end":{"line":122,"column":3}},"type":"if","locations":[{"start":{"line":120,"column":2},"end":{"line":122,"column":3}}]},"16":{"loc":{"start":{"line":139,"column":23},"end":{"line":139,"column":49}},"type":"binary-expr","locations":[{"start":{"line":139,"column":23},"end":{"line":139,"column":36}},{"start":{"line":139,"column":40},"end":{"line":139,"column":49}}]},"17":{"loc":{"start":{"line":143,"column":23},"end":{"line":143,"column":57}},"type":"binary-expr","locations":[{"start":{"line":143,"column":23},"end":{"line":143,"column":50}},{"start":{"line":143,"column":54},"end":{"line":143,"column":57}}]},"18":{"loc":{"start":{"line":150,"column":15},"end":{"line":150,"column":36}},"type":"binary-expr","locations":[{"start":{"line":150,"column":15},"end":{"line":150,"column":30}},{"start":{"line":150,"column":34},"end":{"line":150,"column":36}}]},"19":{"loc":{"start":{"line":168,"column":2},"end":{"line":170,"column":3}},"type":"if","locations":[{"start":{"line":168,"column":2},"end":{"line":170,"column":3}}]},"20":{"loc":{"start":{"line":208,"column":2},"end":{"line":210,"column":3}},"type":"if","locations":[{"start":{"line":208,"column":2},"end":{"line":210,"column":3}}]},"21":{"loc":{"start":{"line":220,"column":9},"end":{"line":220,"column":43}},"type":"cond-expr","locations":[{"start":{"line":220,"column":26},"end":{"line":220,"column":35}},{"start":{"line":220,"column":38},"end":{"line":220,"column":43}}]},"22":{"loc":{"start":{"line":228,"column":14},"end":{"line":228,"column":36}},"type":"binary-expr","locations":[{"start":{"line":228,"column":14},"end":{"line":228,"column":30}},{"start":{"line":228,"column":34},"end":{"line":228,"column":36}}]}},"s":{"0":4,"1":4,"2":4,"3":4,"4":4,"5":4,"6":4,"7":4,"8":4,"9":0,"10":0,"11":0,"12":0,"13":0,"14":0,"15":0,"16":0,"17":0,"18":0,"19":0,"20":0,"21":0,"22":0,"23":0,"24":0,"25":0,"26":0,"27":0,"28":0,"29":0,"30":0,"31":0,"32":0,"33":0,"34":0,"35":0,"36":0,"37":0,"38":0,"39":0,"40":0,"41":0,"42":0,"43":0,"44":0,"45":0,"46":0,"47":0,"48":0,"49":0,"50":0,"51":0,"52":0,"53":0,"54":0,"55":0,"56":0,"57":0,"58":0,"59":0,"60":0,"61":0,"62":0,"63":0,"64":0,"65":0,"66":0,"67":0,"68":0,"69":0,"70":0,"71":0,"72":0,"73":0,"74":0,"75":0,"76":0,"77":0,"78":4,"79":4,"80":0,"81":4,"82":4,"83":4,"84":3,"85":3},"f":{"0":0,"1":0,"2":0,"3":0,"4":0,"5":0,"6":0,"7":0,"8":0,"9":0,"10":0,"11":0,"12":4,"13":3,"14":3},"b":{"0":[0,0],"1":[0,0],"2":[0,0],"3":[0],"4":[0,0,0,0],"5":[0,0],"6":[0,0],"7":[0,0],"8":[0],"9":[0,0],"10":[0],"11":[0],"12":[0],"13":[0,0],"14":[0,0],"15":[0],"16":[0,0],"17":[0,0],"18":[0,0],"19":[0],"20":[0],"21":[0,3],"22":[3,3]}}
,"C:\\Users\\jimmy\\OneDrive\\Desktop\\AI-Stuff\\Development\\google_api_wrapper_v2\\src\\types\\auth.ts": {"path":"C:\\Users\\jimmy\\OneDrive\\Desktop\\AI-Stuff\\Development\\google_api_wrapper_v2\\src\\types\\auth.ts","statementMap":{"0":{"start":{"line":42,"column":0},"end":{"line":42,"column":16}},"1":{"start":{"line":1,"column":0},"end":{"line":1,"column":24}},"2":{"start":{"line":4,"column":13},"end":{"line":10,"column":3}},"3":{"start":{"line":30,"column":13},"end":{"line":35,"column":2}},"4":{"start":{"line":37,"column":13},"end":{"line":40,"column":3}},"5":{"start":{"line":43,"column":2},"end":{"line":45,"column":3}},"6":{"start":{"line":44,"column":4},"end":{"line":44,"column":48}},"7":{"start":{"line":47,"column":2},"end":{"line":53,"column":4}}},"fnMap":{"0":{"name":"convertGoogleCredentials","decl":{"start":{"line":42,"column":16},"end":{"line":42,"column":40}},"loc":{"start":{"line":42,"column":59},"end":{"line":54,"column":1}}}},"branchMap":{"0":{"loc":{"start":{"line":43,"column":2},"end":{"line":45,"column":3}},"type":"if","locations":[{"start":{"line":43,"column":2},"end":{"line":45,"column":3}}]},"1":{"loc":{"start":{"line":49,"column":19},"end":{"line":49,"column":51}},"type":"binary-expr","locations":[{"start":{"line":49,"column":19},"end":{"line":49,"column":38}},{"start":{"line":49,"column":42},"end":{"line":49,"column":51}}]},"2":{"loc":{"start":{"line":50,"column":11},"end":{"line":50,"column":51}},"type":"binary-expr","locations":[{"start":{"line":50,"column":11},"end":{"line":50,"column":22}},{"start":{"line":50,"column":26},"end":{"line":50,"column":51}}]},"3":{"loc":{"start":{"line":51,"column":16},"end":{"line":51,"column":44}},"type":"binary-expr","locations":[{"start":{"line":51,"column":16},"end":{"line":51,"column":32}},{"start":{"line":51,"column":36},"end":{"line":51,"column":44}}]},"4":{"loc":{"start":{"line":52,"column":17},"end":{"line":52,"column":58}},"type":"binary-expr","locations":[{"start":{"line":52,"column":17},"end":{"line":52,"column":34}},{"start":{"line":52,"column":38},"end":{"line":52,"column":58}}]}},"s":{"0":5,"1":5,"2":5,"3":5,"4":5,"5":1,"6":0,"7":1},"f":{"0":1},"b":{"0":[0],"1":[1,0],"2":[1,0],"3":[1,0],"4":[1,0]}}
,"C:\\Users\\jimmy\\OneDrive\\Desktop\\AI-Stuff\\Development\\google_api_wrapper_v2\\src\\types\\calendar.ts": {"path":"C:\\Users\\jimmy\\OneDrive\\Desktop\\AI-Stuff\\Development\\google_api_wrapper_v2\\src\\types\\calendar.ts","statementMap":{"0":{"start":{"line":1,"column":0},"end":{"line":1,"column":24}},"1":{"start":{"line":3,"column":13},"end":{"line":8,"column":3}},"2":{"start":{"line":12,"column":13},"end":{"line":34,"column":3}},"3":{"start":{"line":17,"column":4},"end":{"line":22,"column":5}},"4":{"start":{"line":18,"column":19},"end":{"line":18,"column":32}},"5":{"start":{"line":19,"column":6},"end":{"line":19,"column":36}},"6":{"start":{"line":21,"column":6},"end":{"line":21,"column":19}},"7":{"start":{"line":25,"column":4},"end":{"line":30,"column":5}},"8":{"start":{"line":26,"column":19},"end":{"line":26,"column":32}},"9":{"start":{"line":27,"column":6},"end":{"line":27,"column":36}},"10":{"start":{"line":29,"column":6},"end":{"line":29,"column":19}}},"fnMap":{"0":{"name":"(anonymous_0)","decl":{"start":{"line":16,"column":35},"end":{"line":16,"column":36}},"loc":{"start":{"line":16,"column":43},"end":{"line":23,"column":3}}},"1":{"name":"(anonymous_1)","decl":{"start":{"line":24,"column":33},"end":{"line":24,"column":34}},"loc":{"start":{"line":24,"column":41},"end":{"line":31,"column":3}}}},"branchMap":{},"s":{"0":0,"1":0,"2":0,"3":0,"4":0,"5":0,"6":0,"7":0,"8":0,"9":0,"10":0},"f":{"0":0,"1":0},"b":{}}
,"C:\\Users\\jimmy\\OneDrive\\Desktop\\AI-Stuff\\Development\\google_api_wrapper_v2\\src\\types\\gmail.ts": {"path":"C:\\Users\\jimmy\\OneDrive\\Desktop\\AI-Stuff\\Development\\google_api_wrapper_v2\\src\\types\\gmail.ts","statementMap":{"0":{"start":{"line":1,"column":0},"end":{"line":1,"column":24}},"1":{"start":{"line":3,"column":13},"end":{"line":7,"column":3}},"2":{"start":{"line":11,"column":13},"end":{"line":14,"column":3}},"3":{"start":{"line":18,"column":13},"end":{"line":23,"column":3}}},"fnMap":{},"branchMap":{},"s":{"0":0,"1":0,"2":0,"3":0},"f":{},"b":{}}
,"C:\\Users\\jimmy\\OneDrive\\Desktop\\AI-Stuff\\Development\\google_api_wrapper_v2\\src\\utils\\logger.ts": {"path":"C:\\Users\\jimmy\\OneDrive\\Desktop\\AI-Stuff\\Development\\google_api_wrapper_v2\\src\\utils\\logger.ts","statementMap":{"0":{"start":{"line":1,"column":0},"end":{"line":1,"column":30}},"1":{"start":{"line":3,"column":17},"end":{"line":3,"column":48}},"2":{"start":{"line":5,"column":13},"end":{"line":19,"column":3}},"3":{"start":{"line":22,"column":0},"end":{"line":27,"column":1}},"4":{"start":{"line":23,"column":2},"end":{"line":25,"column":4}},"5":{"start":{"line":26,"column":2},"end":{"line":26,"column":77}}},"fnMap":{},"branchMap":{"0":{"loc":{"start":{"line":3,"column":17},"end":{"line":3,"column":48}},"type":"binary-expr","locations":[{"start":{"line":3,"column":17},"end":{"line":3,"column":38}},{"start":{"line":3,"column":42},"end":{"line":3,"column":48}}]},"1":{"loc":{"start":{"line":22,"column":0},"end":{"line":27,"column":1}},"type":"if","locations":[{"start":{"line":22,"column":0},"end":{"line":27,"column":1}}]}},"s":{"0":0,"1":0,"2":0,"3":0,"4":0,"5":0},"f":{},"b":{"0":[0,0],"1":[0]}}
}
