TN:
SF:src\server.ts
FN:11,buildServer
FN:51,(anonymous_2)
FNF:2
FNH:2
FNDA:4,buildServer
FNDA:13,(anonymous_2)
DA:1,4
DA:2,4
DA:3,4
DA:4,4
DA:5,4
DA:6,4
DA:7,4
DA:8,4
DA:9,4
DA:11,4
DA:12,4
DA:19,4
DA:24,4
DA:38,4
DA:43,4
DA:46,4
DA:47,4
DA:48,4
DA:51,4
DA:52,13
DA:53,13
DA:59,4
LF:22
LH:22
BRDA:14,0,0,4
BRDA:14,0,1,4
BRDA:20,1,0,4
BRDA:20,1,1,4
BRF:4
BRH:4
end_of_record
TN:
SF:src\plugins\static.ts
FN:5,(anonymous_1)
FNF:1
FNH:1
FNDA:4,(anonymous_1)
DA:2,4
DA:3,4
DA:5,4
DA:6,4
LF:4
LH:4
BRF:0
BRH:0
end_of_record
TN:
SF:src\routes\auth.ts
FN:14,(anonymous_0)
FN:41,(anonymous_1)
FN:68,(anonymous_2)
FN:124,(anonymous_3)
FNF:4
FNH:4
FNDA:4,(anonymous_0)
FNDA:1,(anonymous_1)
FNDA:1,(anonymous_2)
FNDA:1,(anonymous_3)
DA:3,4
DA:4,4
DA:5,4
DA:14,4
DA:16,4
DA:42,1
DA:43,1
DA:46,1
DA:48,1
DA:49,1
DA:51,0
DA:52,0
DA:57,4
DA:69,1
DA:70,1
DA:73,1
DA:76,1
DA:79,1
DA:80,1
DA:83,1
DA:84,1
DA:86,0
DA:87,0
DA:92,4
DA:125,1
DA:126,1
DA:127,1
DA:128,0
DA:129,0
DA:132,1
DA:133,1
DA:134,1
DA:136,1
DA:140,0
DA:142,1
DA:143,1
DA:144,1
DA:145,1
DA:147,0
LF:39
LH:31
BRDA:83,0,0,1
BRDA:83,0,1,0
BRDA:127,1,0,0
BRDA:127,2,0,1
BRDA:127,2,1,1
BRDA:144,3,0,1
BRDA:144,3,1,0
BRF:7
BRH:4
end_of_record
TN:
SF:src\routes\calendar.ts
FN:23,(anonymous_0)
FN:76,(anonymous_1)
FN:154,(anonymous_2)
FN:185,(anonymous_3)
FN:265,(anonymous_4)
FNF:5
FNH:4
FNDA:4,(anonymous_0)
FNDA:1,(anonymous_1)
FNDA:2,(anonymous_2)
FNDA:0,(anonymous_3)
FNDA:1,(anonymous_4)
DA:2,4
DA:3,4
DA:4,4
DA:6,4
DA:13,4
DA:23,4
DA:25,4
DA:77,1
DA:78,1
DA:80,1
DA:81,1
DA:90,1
DA:91,1
DA:93,0
DA:94,0
DA:95,0
DA:96,0
DA:97,0
DA:99,0
DA:105,4
DA:155,2
DA:157,2
DA:158,2
DA:159,0
DA:160,0
DA:171,2
DA:173,2
DA:174,2
DA:185,0
DA:189,2
DA:190,2
DA:195,1
DA:197,1
DA:198,1
DA:200,0
DA:204,0
DA:205,0
DA:206,0
DA:207,0
DA:208,0
DA:210,0
DA:216,4
DA:266,1
DA:267,1
DA:268,1
DA:270,1
DA:271,0
DA:272,0
DA:275,1
DA:276,1
DA:277,1
DA:281,1
DA:283,0
DA:284,0
DA:286,0
DA:290,0
DA:291,0
DA:292,0
DA:294,0
LF:59
LH:34
BRDA:83,0,0,1
BRDA:83,0,1,0
BRDA:85,1,0,0
BRDA:85,1,1,1
BRDA:90,2,0,1
BRDA:90,2,1,0
BRDA:94,3,0,0
BRDA:94,3,1,0
BRDA:96,4,0,0
BRDA:96,4,1,0
BRDA:158,5,0,0
BRDA:197,6,0,1
BRDA:197,6,1,0
BRDA:205,7,0,0
BRDA:205,7,1,0
BRDA:207,8,0,0
BRDA:207,8,1,0
BRDA:270,9,0,0
BRDA:283,10,0,0
BRDA:283,10,1,0
BRDA:291,11,0,0
BRDA:291,11,1,0
BRF:22
BRH:4
end_of_record
TN:
SF:src\routes\gmail.ts
FN:24,(anonymous_0)
FN:68,(anonymous_1)
FN:139,(anonymous_2)
FN:203,(anonymous_3)
FNF:4
FNH:4
FNDA:4,(anonymous_0)
FNDA:1,(anonymous_1)
FNDA:2,(anonymous_2)
FNDA:1,(anonymous_3)
DA:2,4
DA:3,4
DA:4,4
DA:6,4
DA:12,4
DA:17,4
DA:24,4
DA:26,4
DA:69,1
DA:70,1
DA:72,1
DA:73,1
DA:79,1
DA:80,1
DA:82,0
DA:83,0
DA:84,0
DA:85,0
DA:86,0
DA:88,0
DA:94,4
DA:140,2
DA:141,2
DA:142,2
DA:144,2
DA:145,2
DA:150,1
DA:151,0
DA:152,0
DA:155,1
DA:157,1
DA:158,1
DA:159,0
DA:160,1
DA:161,1
DA:163,0
DA:169,4
DA:204,1
DA:205,1
DA:207,1
DA:208,1
DA:214,1
DA:225,1
DA:227,0
DA:228,0
DA:229,0
DA:231,0
LF:47
LH:33
BRDA:75,0,0,1
BRDA:75,0,1,0
BRDA:79,1,0,1
BRDA:79,1,1,0
BRDA:83,2,0,0
BRDA:83,2,1,0
BRDA:85,3,0,0
BRDA:85,3,1,0
BRDA:150,4,0,0
BRDA:158,5,0,0
BRDA:158,5,1,1
BRDA:160,6,0,1
BRDA:160,6,1,0
BRDA:228,7,0,0
BRDA:228,7,1,0
BRF:15
BRH:4
end_of_record
TN:
SF:src\services\auth.ts
FN:15,encryptToken
FN:32,decryptToken
FN:44,storeToken
FN:57,getToken
FN:67,validateScopes
FN:73,(anonymous_6)
FN:76,refreshTokenIfNeeded
FN:101,getOAuth2Client
FN:105,generateAuthUrl
FNF:9
FNH:0
FNDA:0,encryptToken
FNDA:0,decryptToken
FNDA:0,storeToken
FNDA:0,getToken
FNDA:0,validateScopes
FNDA:0,(anonymous_6)
FNDA:0,refreshTokenIfNeeded
FNDA:0,getOAuth2Client
FNDA:0,generateAuthUrl
DA:1,0
DA:2,0
DA:3,0
DA:4,0
DA:7,0
DA:9,0
DA:15,0
DA:16,0
DA:17,0
DA:18,0
DA:20,0
DA:26,0
DA:32,0
DA:33,0
DA:34,0
DA:40,0
DA:41,0
DA:44,0
DA:45,0
DA:46,0
DA:48,0
DA:54,0
DA:57,0
DA:58,0
DA:59,0
DA:60,0
DA:63,0
DA:64,0
DA:67,0
DA:68,0
DA:69,0
DA:70,0
DA:73,0
DA:76,0
DA:77,0
DA:78,0
DA:79,0
DA:82,0
DA:83,0
DA:86,0
DA:87,0
DA:88,0
DA:89,0
DA:96,0
DA:97,0
DA:101,0
DA:102,0
DA:105,0
DA:106,0
LF:49
LH:0
BRDA:17,0,0,0
BRDA:17,0,1,0
BRDA:33,1,0,0
BRDA:33,1,1,0
BRDA:59,2,0,0
BRDA:69,3,0,0
BRDA:78,4,0,0
BRDA:86,5,0,0
BRDA:91,6,0,0
BRDA:91,6,1,0
BRDA:92,7,0,0
BRDA:92,7,1,0
BRDA:93,8,0,0
BRDA:93,8,1,0
BRF:14
BRH:0
end_of_record
TN:
SF:src\services\calendar.ts
FN:8,simplifyEvent
FN:19,(anonymous_1)
FN:28,getEventDetail
FN:48,listEvents
FN:83,createEvent
FN:113,(anonymous_5)
FN:132,getCalendarClient
FN:145,nullToUndefined
FN:150,convertGoogleEvent
FN:157,(anonymous_9)
FNF:10
FNH:3
FNDA:0,simplifyEvent
FNDA:0,(anonymous_1)
FNDA:0,getEventDetail
FNDA:0,listEvents
FNDA:0,createEvent
FNDA:0,(anonymous_5)
FNDA:4,getCalendarClient
FNDA:8,nullToUndefined
FNDA:2,convertGoogleEvent
FNDA:0,(anonymous_9)
DA:1,4
DA:3,4
DA:4,4
DA:6,4
DA:9,0
DA:19,0
DA:29,0
DA:48,4
DA:54,0
DA:55,0
DA:57,0
DA:58,0
DA:61,0
DA:62,0
DA:64,0
DA:65,0
DA:75,0
DA:76,0
DA:78,0
DA:79,0
DA:83,4
DA:92,0
DA:93,0
DA:95,0
DA:96,0
DA:99,0
DA:100,0
DA:102,0
DA:113,0
DA:117,0
DA:118,0
DA:125,0
DA:127,0
DA:128,0
DA:132,4
DA:133,4
DA:134,4
DA:135,0
DA:138,4
DA:139,4
DA:141,4
DA:146,8
DA:150,4
DA:151,2
DA:157,0
LF:45
LH:15
BRDA:11,0,0,0
BRDA:11,0,1,0
BRDA:13,1,0,0
BRDA:13,1,1,0
BRDA:13,1,2,0
BRDA:14,2,0,0
BRDA:14,2,1,0
BRDA:14,2,2,0
BRDA:16,3,0,0
BRDA:16,3,1,0
BRDA:20,4,0,0
BRDA:20,4,1,0
BRDA:31,5,0,0
BRDA:31,5,1,0
BRDA:32,6,0,0
BRDA:32,6,1,0
BRDA:33,7,0,0
BRDA:33,7,1,0
BRDA:34,8,0,0
BRDA:34,8,1,0
BRDA:37,9,0,0
BRDA:37,9,1,0
BRDA:41,10,0,0
BRDA:41,10,1,0
BRDA:42,11,0,0
BRDA:42,11,1,0
BRDA:43,12,0,0
BRDA:43,12,1,0
BRDA:52,13,0,0
BRDA:57,14,0,0
BRDA:75,15,0,0
BRDA:75,15,1,0
BRDA:95,16,0,0
BRDA:134,17,0,0
BRDA:146,18,0,0
BRDA:146,18,1,8
BRF:36
BRH:1
end_of_record
TN:
SF:src\services\gmail.ts
FN:8,parseEmailAddress
FN:14,parseMessageHeaders
FN:27,(anonymous_2)
FN:33,(anonymous_3)
FN:47,getPlainTextBody
FN:54,(anonymous_5)
FN:64,listMessages
FN:89,(anonymous_7)
FN:113,getMessage
FN:139,(anonymous_9)
FN:140,(anonymous_10)
FN:159,sendMessage
FN:206,getGmailClient
FN:219,nullToUndefined
FN:224,convertGmailMessage
FNF:15
FNH:3
FNDA:0,parseEmailAddress
FNDA:0,parseMessageHeaders
FNDA:0,(anonymous_2)
FNDA:0,(anonymous_3)
FNDA:0,getPlainTextBody
FNDA:0,(anonymous_5)
FNDA:0,listMessages
FNDA:0,(anonymous_7)
FNDA:0,getMessage
FNDA:0,(anonymous_9)
FNDA:0,(anonymous_10)
FNDA:0,sendMessage
FNDA:4,getGmailClient
FNDA:3,nullToUndefined
FNDA:3,convertGmailMessage
DA:1,4
DA:3,4
DA:4,4
DA:6,4
DA:9,0
DA:10,0
DA:11,0
DA:20,0
DA:27,0
DA:28,0
DA:30,0
DA:31,0
DA:33,0
DA:34,0
DA:36,0
DA:37,0
DA:39,0
DA:40,0
DA:44,0
DA:48,0
DA:49,0
DA:53,0
DA:54,0
DA:57,0
DA:58,0
DA:61,0
DA:64,4
DA:69,0
DA:70,0
DA:72,0
DA:73,0
DA:76,0
DA:77,0
DA:79,0
DA:80,0
DA:87,0
DA:88,0
DA:90,0
DA:96,0
DA:98,0
DA:106,0
DA:108,0
DA:109,0
DA:113,4
DA:117,0
DA:118,0
DA:120,0
DA:121,0
DA:124,0
DA:125,0
DA:127,0
DA:128,0
DA:134,0
DA:135,0
DA:136,0
DA:138,0
DA:139,0
DA:140,0
DA:146,0
DA:154,0
DA:155,0
DA:159,4
DA:165,0
DA:166,0
DA:168,0
DA:169,0
DA:172,0
DA:173,0
DA:175,0
DA:176,0
DA:185,0
DA:191,0
DA:199,0
DA:201,0
DA:202,0
DA:206,4
DA:207,4
DA:208,4
DA:209,0
DA:212,4
DA:213,4
DA:215,4
DA:220,3
DA:224,4
DA:225,3
LF:85
LH:16
BRDA:9,0,0,0
BRDA:9,0,1,0
BRDA:10,1,0,0
BRDA:10,1,1,0
BRDA:11,2,0,0
BRDA:11,2,1,0
BRDA:14,3,0,0
BRDA:28,4,0,0
BRDA:28,4,1,0
BRDA:28,4,2,0
BRDA:28,4,3,0
BRDA:33,5,0,0
BRDA:33,5,1,0
BRDA:36,6,0,0
BRDA:36,6,1,0
BRDA:39,7,0,0
BRDA:39,7,1,0
BRDA:48,8,0,0
BRDA:49,9,0,0
BRDA:49,9,1,0
BRDA:57,10,0,0
BRDA:66,11,0,0
BRDA:72,12,0,0
BRDA:87,13,0,0
BRDA:87,13,1,0
BRDA:101,14,0,0
BRDA:101,14,1,0
BRDA:120,15,0,0
BRDA:139,16,0,0
BRDA:139,16,1,0
BRDA:143,17,0,0
BRDA:143,17,1,0
BRDA:150,18,0,0
BRDA:150,18,1,0
BRDA:168,19,0,0
BRDA:208,20,0,0
BRDA:220,21,0,0
BRDA:220,21,1,3
BRDA:228,22,0,3
BRDA:228,22,1,3
BRF:40
BRH:3
end_of_record
TN:
SF:src\types\auth.ts
FN:42,convertGoogleCredentials
FNF:1
FNH:1
FNDA:1,convertGoogleCredentials
DA:1,5
DA:4,5
DA:30,5
DA:37,5
DA:42,5
DA:43,1
DA:44,0
DA:47,1
LF:8
LH:7
BRDA:43,0,0,0
BRDA:49,1,0,1
BRDA:49,1,1,0
BRDA:50,2,0,1
BRDA:50,2,1,0
BRDA:51,3,0,1
BRDA:51,3,1,0
BRDA:52,4,0,1
BRDA:52,4,1,0
BRF:9
BRH:4
end_of_record
TN:
SF:src\types\calendar.ts
FN:16,(anonymous_0)
FN:24,(anonymous_1)
FNF:2
FNH:0
FNDA:0,(anonymous_0)
FNDA:0,(anonymous_1)
DA:1,0
DA:3,0
DA:12,0
DA:17,0
DA:18,0
DA:19,0
DA:21,0
DA:25,0
DA:26,0
DA:27,0
DA:29,0
LF:11
LH:0
BRF:0
BRH:0
end_of_record
TN:
SF:src\types\gmail.ts
FNF:0
FNH:0
DA:1,0
DA:3,0
DA:11,0
DA:18,0
LF:4
LH:0
BRF:0
BRH:0
end_of_record
TN:
SF:src\utils\logger.ts
FNF:0
FNH:0
DA:1,0
DA:3,0
DA:5,0
DA:22,0
DA:23,0
DA:26,0
LF:6
LH:0
BRDA:3,0,0,0
BRDA:3,0,1,0
BRDA:22,1,0,0
BRF:3
BRH:0
end_of_record
